[    0.000000] Initializing cgroup subsys cpuset
[    0.000000] Initializing cgroup subsys cpu
[    0.000000] Initializing cgroup subsys cpuacct
[    0.000000] Linux version 4.4.0-210-generic (buildd@lgw01-amd64-009) (gcc version 5.4.0 20160609 (Ubuntu 5.4.0-6ubuntu1~16.04.12) ) #242-Ubuntu SMP Fri Apr 16 09:57:56 UTC 2021 (Ubuntu 4.4.0-210.242-generic 4.4.262)
[    0.000000] Command line: BOOT_IMAGE=/boot/vmlinuz-4.4.0-210-generic root=LABEL=cloudimg-rootfs ro console=tty1 console=ttyS0
[    0.000000] KERNEL supported cpus:
[    0.000000]   Intel GenuineIntel
[    0.000000]   AMD AuthenticAMD
[    0.000000]   Centaur CentaurHauls
[    0.000000] x86/fpu: Legacy x87 FPU detected.
[    0.000000] e820: BIOS-provided physical RAM map:
[    0.000000] BIOS-e820: [mem 0x0000000000000000-0x000000000009fbff] usable
[    0.000000] BIOS-e820: [mem 0x000000000009fc00-0x000000000009ffff] reserved
[    0.000000] BIOS-e820: [mem 0x00000000000f0000-0x00000000000fffff] reserved
[    0.000000] BIOS-e820: [mem 0x0000000000100000-0x000000003ffeffff] usable
[    0.000000] BIOS-e820: [mem 0x000000003fff0000-0x000000003fffffff] ACPI data
[    0.000000] BIOS-e820: [mem 0x00000000fec00000-0x00000000fec00fff] reserved
[    0.000000] BIOS-e820: [mem 0x00000000fee00000-0x00000000fee00fff] reserved
[    0.000000] BIOS-e820: [mem 0x00000000fffc0000-0x00000000ffffffff] reserved
[    0.000000] NX (Execute Disable) protection: active
[    0.000000] SMBIOS 2.5 present.
[    0.000000] Hypervisor detected: KVM
[    0.000000] Kernel/User page tables isolation: disabled
[    0.000000] e820: last_pfn = 0x3fff0 max_arch_pfn = 0x400000000
[    0.000000] MTRR: Disabled
[    0.000000] x86/PAT: MTRRs disabled, skipping PAT initialization too.
[    0.000000] CPU MTRRs all blank - virtualized system.
[    0.000000] x86/PAT: Configuration [0-7]: WB  WT  UC- UC  WB  WT  UC- UC  
[    0.000000] found SMP MP-table at [mem 0x0009fff0-0x0009ffff] mapped at [ffff88000009fff0]
[    0.000000] Scanning 1 areas for low memory corruption
[    0.000000] RAMDISK: [mem 0x362dc000-0x37165fff]
[    0.000000] ACPI: Early table checksum verification disabled
[    0.000000] ACPI: RSDP 0x00000000000E0000 000024 (v02 VBOX  )
[    0.000000] ACPI: XSDT 0x000000003FFF0030 00003C (v01 VBOX   VBOXXSDT 00000001 ASL  00000061)
[    0.000000] ACPI: FACP 0x000000003FFF00F0 0000F4 (v04 VBOX   VBOXFACP 00000001 ASL  00000061)
[    0.000000] ACPI: DSDT 0x000000003FFF0470 002325 (v02 VBOX   VBOXBIOS 00000002 INTL 20100528)
[    0.000000] ACPI: FACS 0x000000003FFF0200 000040
[    0.000000] ACPI: FACS 0x000000003FFF0200 000040
[    0.000000] ACPI: APIC 0x000000003FFF0240 00005C (v02 VBOX   VBOXAPIC 00000001 ASL  00000061)
[    0.000000] ACPI: SSDT 0x000000003FFF02A0 0001CC (v01 VBOX   VBOXCPUT 00000002 INTL 20100528)
[    0.000000] No NUMA configuration found
[    0.000000] Faking a node at [mem 0x0000000000000000-0x000000003ffeffff]
[    0.000000] NODE_DATA(0) allocated [mem 0x3ffeb000-0x3ffeffff]
[    0.000000] kvm-clock: Using msrs 4b564d01 and 4b564d00
[    0.000000] kvm-clock: cpu 0, msr 0:3ffe3001, primary cpu clock
[    0.000000] kvm-clock: using sched offset of 5898003544 cycles
[    0.000000] clocksource: kvm-clock: mask: 0xffffffffffffffff max_cycles: 0x1cd42e4dffb, max_idle_ns: 881590591483 ns
[    0.000000] Zone ranges:
[    0.000000]   DMA      [mem 0x0000000000001000-0x0000000000ffffff]
[    0.000000]   DMA32    [mem 0x0000000001000000-0x000000003ffeffff]
[    0.000000]   Normal   empty
[    0.000000]   Device   empty
[    0.000000] Movable zone start for each node
[    0.000000] Early memory node ranges
[    0.000000]   node   0: [mem 0x0000000000001000-0x000000000009efff]
[    0.000000]   node   0: [mem 0x0000000000100000-0x000000003ffeffff]
[    0.000000] Initmem setup node 0 [mem 0x0000000000001000-0x000000003ffeffff]
[    0.000000] ACPI: PM-Timer IO Port: 0x4008
[    0.000000] IOAPIC[0]: apic_id 2, version 32, address 0xfec00000, GSI 0-23
[    0.000000] ACPI: INT_SRC_OVR (bus 0 bus_irq 0 global_irq 2 dfl dfl)
[    0.000000] ACPI: INT_SRC_OVR (bus 0 bus_irq 9 global_irq 9 low level)
[    0.000000] Using ACPI (MADT) for SMP configuration information
[    0.000000] smpboot: Allowing 2 CPUs, 0 hotplug CPUs
[    0.000000] PM: Registered nosave memory: [mem 0x00000000-0x00000fff]
[    0.000000] PM: Registered nosave memory: [mem 0x0009f000-0x0009ffff]
[    0.000000] PM: Registered nosave memory: [mem 0x000a0000-0x000effff]
[    0.000000] PM: Registered nosave memory: [mem 0x000f0000-0x000fffff]
[    0.000000] e820: [mem 0x40000000-0xfebfffff] available for PCI devices
[    0.000000] Booting paravirtualized kernel on KVM
[    0.000000] clocksource: refined-jiffies: mask: 0xffffffff max_cycles: 0xffffffff, max_idle_ns: 7645519600211568 ns
[    0.000000] setup_percpu: NR_CPUS:512 nr_cpumask_bits:512 nr_cpu_ids:2 nr_node_ids:1
[    0.000000] PERCPU: Embedded 33 pages/cpu @ffff88003fc00000 s95192 r8192 d31784 u1048576
[    0.000000] Built 1 zonelists in Node order, mobility grouping on.  Total pages: 257912
[    0.000000] Policy zone: DMA32
[    0.000000] Kernel command line: BOOT_IMAGE=/boot/vmlinuz-4.4.0-210-generic root=LABEL=cloudimg-rootfs ro console=tty1 console=ttyS0
[    0.000000] PID hash table entries: 4096 (order: 3, 32768 bytes)
[    0.000000] Memory: 997792K/1048120K available (8644K kernel code, 1332K rwdata, 4044K rodata, 1492K init, 1164K bss, 50328K reserved, 0K cma-reserved)
[    0.000000] SLUB: HWalign=64, Order=0-3, MinObjects=0, CPUs=2, Nodes=1
[    0.000000] Hierarchical RCU implementation.
[    0.000000] 	Build-time adjustment of leaf fanout to 64.
[    0.000000] 	RCU restricting CPUs from NR_CPUS=512 to nr_cpu_ids=2.
[    0.000000] RCU: Adjusting geometry for rcu_fanout_leaf=64, nr_cpu_ids=2
[    0.000000] NR_IRQS:33024 nr_irqs:440 16
[    0.000000] Console: colour VGA+ 80x25
[    0.000000] console [tty1] enabled
[    0.000000] console [ttyS0] enabled
[    0.000000] tsc: Detected 2803.196 MHz processor
[    1.603307] Calibrating delay loop (skipped) preset value.. 5606.39 BogoMIPS (lpj=11212784)
[    1.631633] pid_max: default: 32768 minimum: 301
[    1.642078] ACPI: Core revision 20150930
[    1.660706] ACPI: 2 ACPI AML tables successfully acquired and loaded
[    1.686678] Security Framework initialized
[    1.707025] Yama: becoming mindful.
[    1.718322] AppArmor: AppArmor initialized
[    1.735031] Dentry cache hash table entries: 131072 (order: 8, 1048576 bytes)
[    1.772711] Inode-cache hash table entries: 65536 (order: 7, 524288 bytes)
[    1.804321] Mount-cache hash table entries: 2048 (order: 2, 16384 bytes)
[    1.832460] Mountpoint-cache hash table entries: 2048 (order: 2, 16384 bytes)
[    1.860858] Initializing cgroup subsys io
[    1.873147] Initializing cgroup subsys memory
[    1.885820] Initializing cgroup subsys devices
[    1.900177] Initializing cgroup subsys freezer
[    1.917975] Initializing cgroup subsys net_cls
[    1.933225] Initializing cgroup subsys perf_event
[    1.951979] Initializing cgroup subsys net_prio
[    1.972476] Initializing cgroup subsys hugetlb
[    1.994138] Initializing cgroup subsys pids
[    2.008083] mce: CPU supports 0 MCE banks
[    2.024559] Last level iTLB entries: 4KB 0, 2MB 0, 4MB 0
[    2.044820] Last level dTLB entries: 4KB 0, 2MB 0, 4MB 0, 1GB 0
[    2.074725] Spectre V1 : Mitigation: usercopy/swapgs barriers and __user pointer sanitization
[    2.110917] Spectre V2 : Mitigation: Enhanced IBRS
[    2.132694] Spectre V2 : Spectre v2 / SpectreRSB mitigation: Filling RSB on context switch
[    2.163826] Speculative Store Bypass: Vulnerable
[    2.288346] Freeing SMP alternatives memory: 36K
[    2.519551] ftrace: allocating 32380 entries in 127 pages
[    3.989524] smpboot: APIC(0) Converting physical 0 to logical package 0
[    4.001801] smpboot: Max logical packages: 1
[    4.034190] ..TIMER: vector=0x30 apic1=0 pin1=2 apic2=-1 pin2=-1
[    4.161440] APIC calibration not consistent with PM-Timer: 101ms instead of 100ms
[    4.177223] APIC delta adjusted to PM-Timer: 6275148 (6365466)
[    4.188659] smpboot: CPU0: 11th Gen Intel(R) Core(TM) i7-1165G7 @ 2.80GHz (family: 0x6, model: 0x8c, stepping: 0x1)
[    4.220273] Performance Events: unsupported p6 CPU model 140 no PMU driver, software events only.
[    4.495781] KVM setup paravirtual spinlock
[    4.507257] x86: Booting SMP configuration:
[    4.515344] .... node  #0, CPUs:      #1
[    4.528470] kvm-clock: cpu 1, msr 0:3ffe3041, secondary cpu clock
[    4.542217] mce: CPU supports 0 MCE banks
[    4.549905] TSC synchronization [CPU#0 -> CPU#1]:
[    4.562215] Measured 220753 cycles TSC warp between CPUs, turning off TSC clock.
[    4.578740] tsc: Marking TSC unstable due to check_tsc_sync_source failed
[    0.974316] x86: Booted up 1 node, 2 CPUs
[    0.976013] smpboot: Total of 2 processors activated (11212.78 BogoMIPS)
[    0.993758] devtmpfs: initialized
[    1.001614] evm: security.selinux
[    1.004011] evm: security.SMACK64
[    1.008012] evm: security.SMACK64EXEC
[    1.012010] evm: security.SMACK64TRANSMUTE
[    1.016011] evm: security.SMACK64MMAP
[    1.020012] evm: security.ima
[    1.024010] evm: security.capability
[    1.032810] clocksource: jiffies: mask: 0xffffffff max_cycles: 0xffffffff, max_idle_ns: 7645041785100000 ns
[    1.036042] futex hash table entries: 512 (order: 3, 32768 bytes)
[    1.044423] pinctrl core: initialized pinctrl subsystem
[    1.049284] RTC time:  9:13:38, date: 05/12/23
[    1.056582] NET: Registered protocol family 16
[    1.072030] cpuidle: using governor ladder
[    1.088034] cpuidle: using governor menu
[    1.092032] PCCT header not found.
[    1.096200] ACPI: bus type PCI registered
[    1.100007] acpiphp: ACPI Hot Plug PCI Controller Driver version: 0.5
[    1.104667] PCI: Using configuration type 1 for base access
[    1.144136] ACPI: Added _OSI(Module Device)
[    1.148015] ACPI: Added _OSI(Processor Device)
[    1.156016] ACPI: Added _OSI(3.0 _SCP Extensions)
[    1.160012] ACPI: Added _OSI(Processor Aggregator Device)
[    1.166666] ACPI: Executed 1 blocks of module-level executable AML code
[    1.181685] ACPI: Interpreter enabled
[    1.184046] ACPI: (supports S0 S5)
[    1.188011] ACPI: Using IOAPIC for interrupt routing
[    1.193204] PCI: Using host bridge windows from ACPI; if necessary, use "pci=nocrs" and report a bug
[    1.220827] ACPI: PCI Root Bridge [PCI0] (domain 0000 [bus 00-ff])
[    1.224027] acpi PNP0A03:00: _OSC: OS supports [ASPM ClockPM Segments MSI]
[    1.233225] acpi PNP0A03:00: _OSC: not requesting OS control; OS requires [ExtendedConfig ASPM ClockPM MSI]
[    1.236039] acpi PNP0A03:00: fail to add MMCONFIG information, can't access extended PCI configuration space under this bridge.
[    1.241475] PCI host bridge to bus 0000:00
[    1.244013] pci_bus 0000:00: root bus resource [io  0x0000-0x0cf7 window]
[    1.248013] pci_bus 0000:00: root bus resource [io  0x0d00-0xffff window]
[    1.252029] pci_bus 0000:00: root bus resource [mem 0x000a0000-0x000bffff window]
[    1.256019] pci_bus 0000:00: root bus resource [mem 0x40000000-0xfdffffff window]
[    1.260024] pci_bus 0000:00: root bus resource [bus 00-ff]
[    1.283572] pci 0000:00:01.1: legacy IDE quirk: reg 0x10: [io  0x01f0-0x01f7]
[    1.284016] pci 0000:00:01.1: legacy IDE quirk: reg 0x14: [io  0x03f6]
[    1.288023] pci 0000:00:01.1: legacy IDE quirk: reg 0x18: [io  0x0170-0x0177]
[    1.292012] pci 0000:00:01.1: legacy IDE quirk: reg 0x1c: [io  0x0376]
[    1.359711] pci 0000:00:07.0: quirk: [io  0x4000-0x403f] claimed by PIIX4 ACPI
[    1.360111] pci 0000:00:07.0: quirk: [io  0x4100-0x410f] claimed by PIIX4 SMB
[    1.394380] ACPI: PCI Interrupt Link [LNKA] (IRQs 5 9 10 *11)
[    1.409483] ACPI: PCI Interrupt Link [LNKB] (IRQs 5 9 *10 11)
[    1.420966] ACPI: PCI Interrupt Link [LNKC] (IRQs 5 *9 10 11)
[    1.436088] ACPI: PCI Interrupt Link [LNKD] (IRQs 5 9 10 *11)
[    1.449910] ACPI: Enabled 2 GPEs in block 00 to 07
[    1.452645] vgaarb: setting as boot device: PCI:0000:00:02.0
[    1.456000] vgaarb: device added: PCI:0000:00:02.0,decodes=io+mem,owns=io+mem,locks=none
[    1.456017] vgaarb: loaded
[    1.460009] vgaarb: bridge control possible 0000:00:02.0
[    1.468410] SCSI subsystem initialized
[    1.476904] ACPI: bus type USB registered
[    1.480081] usbcore: registered new interface driver usbfs
[    1.484155] usbcore: registered new interface driver hub
[    1.488071] usbcore: registered new device driver usb
[    1.496642] PCI: Using ACPI for IRQ routing
[    1.502795] NetLabel: Initializing
[    1.504010] NetLabel:  domain hash size = 128
[    1.508014] NetLabel:  protocols = UNLABELED CIPSOv4
[    1.512061] NetLabel:  unlabeled traffic allowed by default
[    1.516511] amd_nb: Cannot enumerate AMD northbridges
[    1.521000] clocksource: Switched to clocksource kvm-clock
[    1.574015] AppArmor: AppArmor Filesystem Enabled
[    1.574015] pnp: PnP ACPI init
[    1.574015] pnp: PnP ACPI: found 3 devices
[    1.771633] clocksource: acpi_pm: mask: 0xffffff max_cycles: 0xffffff, max_idle_ns: 2085701024 ns
[    1.772778] NET: Registered protocol family 2
[    1.809937] TCP established hash table entries: 8192 (order: 4, 65536 bytes)
[    1.828431] TCP bind hash table entries: 8192 (order: 5, 131072 bytes)
[    1.845410] TCP: Hash tables configured (established 8192 bind 8192)
[    1.848002] UDP hash table entries: 512 (order: 2, 16384 bytes)
[    1.848002] UDP-Lite hash table entries: 512 (order: 2, 16384 bytes)
[    1.848002] NET: Registered protocol family 1
[    1.848002] pci 0000:00:00.0: Limiting direct PCI/PCI transfers
[    1.848002] pci 0000:00:01.0: Activating ISA DMA hang workarounds
[    1.937755] Unpacking initramfs...
[    2.822897] Freeing initrd memory: 14888K
[    2.822897] clocksource: tsc: mask: 0xffffffffffffffff max_cycles: 0x28680c0c25b, max_idle_ns: 440795263258 ns
[    2.822897] platform rtc_cmos: registered platform RTC device (no PNP device found)
[    2.822897] Scanning for low memory corruption every 60 seconds
[    2.923052] audit: initializing netlink subsys (disabled)
[    2.941419] audit: type=2000 audit(1683882824.660:1): initialized
[    2.961766] Initialise system trusted keyring
[    2.979490] HugeTLB registered 2 MB page size, pre-allocated 0 pages
[    3.000423] zbud: loaded
[    3.009403] VFS: Disk quotas dquot_6.6.0
[    3.022834] VFS: Dquot-cache hash table entries: 512 (order 0, 4096 bytes)
[    3.026370] squashfs: version 4.0 (2009/01/31) Phillip Lougher
[    3.048439] fuse init (API version 7.23)
[    3.061740] Key type big_key registered
[    3.065022] Allocating IMA MOK and blacklist keyrings.
[    3.119466] Key type asymmetric registered
[    3.130492] Asymmetric key parser 'x509' registered
[    3.140269] Block layer SCSI generic (bsg) driver version 0.4 loaded (major 249)
[    3.158923] io scheduler noop registered
[    3.165157] io scheduler deadline registered (default)
[    3.176069] io scheduler cfq registered
[    3.179648] pci_hotplug: PCI Hot Plug PCI Core version: 0.5
[    3.179648] pciehp: PCI Express Hot Plug Controller Driver version: 0.4
[    3.179648] ACPI: AC Adapter [AC] (off-line)
[    3.179648] input: Power Button as /devices/LNXSYSTM:00/LNXPWRBN:00/input/input0
[    3.179648] ACPI: Power Button [PWRF]
[    3.179648] input: Sleep Button as /devices/LNXSYSTM:00/LNXSLPBN:00/input/input1
[    3.179648] ACPI: Sleep Button [SLPF]
[    3.266891] GHES: HEST is not enabled!
[    3.270193] ACPI: Battery Slot [BAT0] (battery present)
[    3.294052] Serial: 8250/16550 driver, 32 ports, IRQ sharing enabled
[    3.347563] 00:02: ttyS0 at I/O 0x3f8 (irq = 4, base_baud = 115200) is a 16550A
[    3.418291] Linux agpgart interface v0.103
[    3.473920] loop: module loaded
[    3.489265] scsi host0: ata_piix
[    3.503673] scsi host1: ata_piix
[    3.514386] ata1: PATA max UDMA/33 cmd 0x1f0 ctl 0x3f6 bmdma 0xd000 irq 14
[    3.518019] ata2: PATA max UDMA/33 cmd 0x170 ctl 0x376 bmdma 0xd008 irq 15
[    3.551847] libphy: Fixed MDIO Bus: probed
[    3.564530] tun: Universal TUN/TAP device driver, 1.6
[    3.576820] tun: (C) 1999-2004 Max Krasnyansky <maxk@qualcomm.com>
[    3.595629] PPP generic driver version 2.4.2
[    3.608720] ehci_hcd: USB 2.0 'Enhanced' Host Controller (EHCI) Driver
[    3.627654] ehci-pci: EHCI PCI platform driver
[    3.642661] ehci-platform: EHCI generic platform driver
[    3.658729] ohci_hcd: USB 1.1 'Open' Host Controller (OHCI) Driver
[    3.673135] ohci-pci: OHCI PCI platform driver
[    3.685132] ohci-platform: OHCI generic platform driver
[    3.688935] uhci_hcd: USB Universal Host Controller Interface driver
[    3.714806] i8042: PNP: PS/2 Controller [PNP0303:PS2K,PNP0f03:PS2M] at 0x60,0x64 irq 1,12
[    3.782370] serio: i8042 KBD port at 0x60,0x64 irq 1
[    3.797211] serio: i8042 AUX port at 0x60,0x64 irq 12
[    3.846116] mousedev: PS/2 mouse device common for all mice
[    3.877246] rtc_cmos rtc_cmos: rtc core: registered rtc_cmos as rtc0
[    3.899940] rtc_cmos rtc_cmos: alarms up to one day, 114 bytes nvram
[    3.915126] i2c /dev entries driver
[    3.925053] device-mapper: uevent: version 1.0.3
[    3.943418] device-mapper: ioctl: 4.34.0-ioctl (2015-10-28) initialised: dm-devel@redhat.com
[    3.985407] ledtrig-cpu: registered to indicate activity on CPUs
[    3.985911] input: AT Translated Set 2 keyboard as /devices/platform/i8042/serio0/input/input2
[    4.046874] NET: Registered protocol family 10
[    4.062938] NET: Registered protocol family 17
[    4.078111] Key type dns_resolver registered
[    4.093100] registered taskstats version 1
[    4.104223] Loading compiled-in X.509 certificates
[    4.121775] Loaded X.509 cert 'Build time autogenerated kernel key: cf00e047681d67edb2720680708b7d9498083038'
[    4.150819] zswap: loaded using pool lzo/zbud
[    4.177747] Key type trusted registered
[    4.215571] Key type encrypted registered
[    4.228586] AppArmor: AppArmor sha1 policy hashing enabled
[    4.246327] ima: No TPM chip found, activating TPM-bypass!
[    4.262560] ima: Allocated hash algorithm: sha1
[    4.274419] evm: HMAC attrs: 0x1
[    4.289627]   Magic number: 7:17:222
[    4.302060] rtc_cmos rtc_cmos: setting system clock to 2023-05-12 09:13:42 UTC (1683882822)
[    4.321867] BIOS EDD facility v0.16 2004-Jun-25, 0 devices found
[    4.332555] EDD information not available.
[    4.352509] Freeing unused kernel memory: 1492K
[    4.381418] Write protecting the kernel read-only data: 14336k
[    4.396678] Freeing unused kernel memory: 1584K
[    4.413183] Freeing unused kernel memory: 52K
Loading, please wait...
starting version 229
[    4.496305] random: udevadm: uninitialized urandom read (16 bytes read, 6 bits of entropy available)
[    4.496783] random: systemd-udevd: uninitialized urandom read (16 bytes read, 6 bits of entropy available)
[    4.496922] random: systemd-udevd: uninitialized urandom read (16 bytes read, 6 bits of entropy available)
[    4.496946] random: systemd-udevd: uninitialized urandom read (16 bytes read, 6 bits of entropy available)
[    4.496976] random: systemd-udevd: uninitialized urandom read (16 bytes read, 6 bits of entropy available)
[    4.602529] random: udevadm: uninitialized urandom read (16 bytes read, 6 bits of entropy available)
[    4.646240] random: systemd-udevd: uninitialized urandom read (16 bytes read, 6 bits of entropy available)
[    4.673087] random: systemd-udevd: uninitialized urandom read (16 bytes read, 6 bits of entropy available)
[    4.675989] random: udevadm: uninitialized urandom read (16 bytes read, 6 bits of entropy available)
[    4.676077] random: udevadm: uninitialized urandom read (16 bytes read, 6 bits of entropy available)
[    4.864971] e1000: Intel(R) PRO/1000 Network Driver - version 7.3.21-k8-NAPI
[    4.887314] e1000: Copyright (c) 1999-2006 Intel Corporation.
[    4.908592] Fusion MPT base driver 3.04.20
[    4.924868] Copyright (c) 1999-2008 LSI Corporation
[    5.034876] Fusion MPT SPI Host driver 3.04.20
[    5.411959] input: ImExPS/2 Generic Explorer Mouse as /devices/platform/i8042/serio1/input/input4
[    6.289912] e1000 0000:00:03.0 eth0: (PCI:33MHz:32-bit) 02:be:82:6b:cc:1d
[    6.307289] e1000 0000:00:03.0 eth0: Intel(R) PRO/1000 Network Connection
[    7.905713] e1000 0000:00:08.0 eth1: (PCI:33MHz:32-bit) 08:00:27:a5:f0:79
[    7.924833] e1000 0000:00:08.0 eth1: Intel(R) PRO/1000 Network Connection
[    7.968981] e1000 0000:00:08.0 enp0s8: renamed from eth1
[    7.995984] mptbase: ioc0: Initiating bringup
[    8.013618] e1000 0000:00:03.0 enp0s3: renamed from eth0
[    8.098698] ioc0: LSI53C1030 A0: Capabilities={Initiator}
[    8.310728] scsi host2: ioc0: LSI53C1030 A0, FwRev=00000000h, Ports=1, MaxQ=256, IRQ=20
[    8.449332] scsi 2:0:0:0: Direct-Access     VBOX     HARDDISK         1.0  PQ: 0 ANSI: 5
[    8.470297] scsi target2:0:0: Beginning Domain Validation
[    8.500453] scsi target2:0:0: Domain Validation skipping write tests
[    8.515911] scsi target2:0:0: Ending Domain Validation
[    8.528637] scsi target2:0:0: asynchronous
[    8.547455] scsi 2:0:1:0: Direct-Access     VBOX     HARDDISK         1.0  PQ: 0 ANSI: 5
[    8.572067] scsi target2:0:1: Beginning Domain Validation
[    8.606962] scsi target2:0:1: Domain Validation skipping write tests
[    8.626799] scsi target2:0:1: Ending Domain Validation
[    8.641573] scsi target2:0:1: asynchronous
[    8.711006] sd 2:0:0:0: Attached scsi generic sg0 type 0
[    8.783036] sd 2:0:1:0: Attached scsi generic sg1 type 0
[    8.783591] sd 2:0:0:0: [sda] 83886080 512-byte logical blocks: (42.9 GB/40.0 GiB)
[    8.822751] sd 2:0:1:0: [sdb] 20480 512-byte logical blocks: (10.5 MB/10.0 MiB)
[    8.837077] sd 2:0:0:0: [sda] Write Protect is off
[    8.849219] sd 2:0:1:0: [sdb] Write Protect is off
[    8.857898] sd 2:0:0:0: [sda] Incomplete mode parameter data
[    8.873167] sd 2:0:0:0: [sda] Assuming drive cache: write through
[    8.875542] sd 2:0:1:0: [sdb] Incomplete mode parameter data
[    8.875547] sd 2:0:1:0: [sdb] Assuming drive cache: write through
[    8.899166] sd 2:0:1:0: [sdb] Attached SCSI disk
[    8.956539]  sda: sda1
[    8.975791] sd 2:0:0:0: [sda] Attached SCSI disk
Begin: Loading essential drivers ... [   11.909787] md: linear personality registered for level -1
[   11.933826] md: multipath personality registered for level -4
[   11.958061] md: raid0 personality registered for level 0
[   12.001224] md: raid1 personality registered for level 1
[   12.100771] raid6: sse2x1   gen()  3274 MB/s
[   12.181017] raid6: sse2x1   xor()  2812 MB/s
[   12.257321] raid6: sse2x2   gen()  5444 MB/s
[   12.328187] raid6: sse2x2   xor()  3858 MB/s
[   12.404802] raid6: sse2x4   gen()  5131 MB/s
[   12.480363] raid6: sse2x4   xor()  3922 MB/s
[   12.491102] raid6: using algorithm sse2x2 gen() 5444 MB/s
[   12.500288] raid6: .... xor() 3858 MB/s, rmw enabled
[   12.510673] raid6: using ssse3x2 recovery algorithm
[   12.529636] xor: measuring software checksum speed
[   12.580024]    prefetch64-sse:  7730.000 MB/sec
[   12.633375]    generic_sse:  5681.000 MB/sec
[   12.643431] xor: using function: prefetch64-sse (7730.000 MB/sec)
[   12.665943] async_tx: api initialized (async)
[   12.803090] md: raid6 personality registered for level 6
[   12.816304] md: raid5 personality registered for level 5
[   12.831071] md: raid4 personality registered for level 4
[   12.905228] md: raid10 personality registered for level 10
done.
Begin: Running /scripts/init-premount ... done.
Begin: Mounting root file system ... Begin: Running /scripts/local-top ... done.
Begin: Running /scripts/local-premount ... [   13.137777] Btrfs loaded
Scanning for Btrfs filesystems
done.
Warning: fsck not present, so skipping root file system
[   13.287488] EXT4-fs (sda1): mounted filesystem with ordered data mode. Opts: (null)
done.
Begin: Running /scripts/local-bottom ... done.
Begin: Running /scripts/init-bottom ... done.
[   13.762453] systemd[1]: systemd 229 running in system mode. (+PAM +AUDIT +SELINUX +IMA +APPARMOR +SMACK +SYSVINIT +UTMP +LIBCRYPTSETUP +GCRYPT +GNUTLS +ACL +XZ -LZ4 +SECCOMP +BLKID +ELFUTILS +KMOD -IDN)
[   13.816128] systemd[1]: Detected virtualization oracle.
[   13.832590] systemd[1]: Detected architecture x86-64.

Welcome to [1mUbuntu 16.04.7 LTS[0m!

[   13.874286] systemd[1]: Set hostname to <ubuntu>.
[   13.902563] systemd[1]: Initializing machine ID from random generator.
[   13.919980] systemd[1]: Installed transient /etc/machine-id file.
[   14.473254] systemd[1]: Listening on Journal Audit Socket.
[[0;32m  OK  [0m] Listening on Journal Audit Socket.
[   14.499602] systemd[1]: Listening on /dev/initctl Compatibility Named Pipe.
[[0;32m  OK  [0m] Listening on /dev/initctl Compatibility Named Pipe.
[   14.525457] systemd[1]: Listening on Syslog Socket.
[[0;32m  OK  [0m] Listening on Syslog Socket.
[   14.553319] systemd[1]: Listening on LVM2 metadata daemon socket.
[[0;32m  OK  [0m] Listening on LVM2 metadata daemon socket.
[   14.584098] systemd[1]: Reached target System Time Synchronized.
[[0;32m  OK  [0m] Reached target System Time Synchronized.
[   14.618958] systemd[1]: Listening on udev Kernel Socket.
[[0;32m  OK  [0m] Listening on udev Kernel Socket.
[   14.654472] systemd[1]: Reached target Swap.
[[0;32m  OK  [0m] Reached target Swap.
[   14.683448] systemd[1]: Created slice User and Session Slice.
[[0;32m  OK  [0m] Created slice User and Session Slice.
[   14.718441] systemd[1]: Started Trigger resolvconf update for networkd DNS.
[[0;32m  OK  [0m] Started Trigger resolvconf update for networkd DNS.
[   14.754792] systemd[1]: Set up automount Arbitrary Executable File Formats File System Automount Point.
[[0;32m  OK  [0m] Set up automount Arbitrary Executab...ats File System Automount Point.
[   14.801303] systemd[1]: Listening on Device-mapper event daemon FIFOs.
[[0;32m  OK  [0m] Listening on Device-mapper event daemon FIFOs.
[   14.834001] systemd[1]: Started Forward Password Requests to Wall Directory Watch.
[[0;32m  OK  [0m] Started Forward Password Requests to Wall Directory Watch.
[   14.875658] systemd[1]: Listening on Journal Socket (/dev/log).
[[0;32m  OK  [0m] Listening on Journal Socket (/dev/log).
[   14.910969] systemd[1]: Listening on fsck to fsckd communication Socket.
[[0;32m  OK  [0m] Listening on fsck to fsckd communication Socket.
[   14.950526] systemd[1]: Reached target Encrypted Volumes.
[[0;32m  OK  [0m] Reached target Encrypted Volumes.
[   14.982539] systemd[1]: Listening on Journal Socket.
[[0;32m  OK  [0m] Listening on Journal Socket.
[   15.006904] systemd[1]: Reached target User and Group Name Lookups.
[[0;32m  OK  [0m] Reached target User and Group Name Lookups.
[   15.043442] systemd[1]: Listening on LVM2 poll daemon socket.
[[0;32m  OK  [0m] Listening on LVM2 poll daemon socket.
[   15.075111] systemd[1]: Listening on udev Control Socket.
[[0;32m  OK  [0m] Listening on udev Control Socket.
[   15.105270] systemd[1]: Created slice System Slice.
[[0;32m  OK  [0m] Created slice System Slice.
[   15.133121] systemd[1]: Reached target Slices.
[[0;32m  OK  [0m] Reached target Slices.
[   15.172789] systemd[1]: Starting Monitoring of LVM2 mirrors, snapshots etc. using dmeventd or progress polling...
[   15.204737] random: nonblocking pool is initialized
         Starting Monitoring of LVM2 mirrors... dmeventd or progress polling...
[   15.234294] systemd[1]: Mounting Huge Pages File System...
         Mounting Huge Pages File System...
[   15.272286] systemd[1]: Starting Create list of required static device nodes for the current kernel...
         Starting Create list of required st... nodes for the current kernel...
[   15.317547] systemd[1]: Starting Uncomplicated firewall...
         Starting Uncomplicated firewall...
[   15.344529] systemd[1]: Starting Set console keymap...
         Starting Set console keymap...
[   15.377798] systemd[1]: Starting Load Kernel Modules...
         Starting Load Kernel Modules...
[   15.406463] systemd[1]: Mounting POSIX Message Queue File System...
         Mounting POSIX Message Queue File System...
[   15.442379] systemd[1]: Starting Nameserver information manager...
         Starting Nameserver information manager...
[   15.477725] systemd[1]: Mounting Debug File System...
         Mounting Debug File System...
[   15.502579] systemd[1]: Starting File System Check on Root Device...
[   15.518955] Loading iSCSI transport class v2.0-870.
         Starting File System Check on Root Device...
[   15.558729] systemd[1]: Created slice system-serial\x2dgetty.slice.
[[0;32m  OK  [0m] Created slice system-serial\x2dgetty.slice.
[   15.587619] systemd[1]: Starting Journal Service...
         Starting Journal Service...
[   15.642526] systemd[1]: Mounted Huge Pages File System.
[   15.669681] systemd[1]: Mounted POSIX Message Queue File System.
[[0;32m  OK  [0m] Mounted Huge Pages File System.
[   15.685494] systemd[1]: Mounted Debug File System.
[[0;32m  OK  [0m] Mounted POSIX Message Queue File System.
[   15.697590] iscsi: registered transport (tcp)
[   15.717735] systemd[1]: Started Journal Service.
[[0;32m  OK  [0m] Mounted Debug File System.
[[0;32m  OK  [0m] Started Journal Service.
[[0;32m  OK  [0m] Started Create list of required sta...ce nodes for the current kernel.
[[0;32m  OK  [0m] Started Uncomplicated firewall.
[[0;32m  OK  [0m] Started Set console keymap.
[[0;32m  OK  [0m] Started Nameserver information manager.
[[0;32m  OK  [0m] Started File System Check Daemon to report status.
[[0;32m  OK  [0m] Started LVM2 metadata daemon.
         Starting Create Static Device Nodes in /dev...
[[0;32m  OK  [0m] Started File System Check on Root Device.
         Starting Remount Root and Kernel File Systems...
[[0;32m  OK  [0m] Started Create Static Device Nodes in /dev.
[   16.035565] EXT4-fs (sda1): re-mounted. Opts: (null)
         Starting udev Kernel Device Manager...
[[0;32m  OK  [0m] Started Remount Root and Kernel File Systems.
         Starting udev Coldplug all Devices...
[   16.157632] iscsi: registered transport (iser)
         Starting Flush Journal to Persistent Storage...
         Starting Load/Save Random Seed...
[[0;32m  OK  [0m] Started udev Kernel Device Manager.
[[0;32m  OK  [0m] Started Monitoring of LVM2 mirrors,...ng dmeventd or progress polling.
[[0;32m  OK  [0m] Started Load Kernel Modules.
[[0;32m  OK  [0m] Started Load/Save Random Seed.
[   16.420533] systemd-journald[389]: Received request to flush runtime journal from PID 1
         Mounting FUSE Control File System...
         Starting Apply Kernel Variables...
[[0;32m  OK  [0m] Reached target Local File Systems (Pre).
[[0;32m  OK  [0m] Reached target Local File Systems.
         Starting Set console font and keymap...
         Starting LSB: AppArmor initialization...
         Starting Initial cloud-init job (pre-networking)...
         Starting Commit a transient machine-id on disk...
         Starting Tell Plymouth To Write Out Runtime Data...
[[0;32m  OK  [0m] Mounted FUSE Control File System.
[[0;32m  OK  [0m] Started Flush Journal to Persistent Storage.
[[0;32m  OK  [0m] Started udev Coldplug all Devices.
[[0;32m  OK  [0m] Started Apply Kernel Variables.
[[0;32m  OK  [0m] Started Commit a transient machine-id on disk.
[[0;32m  OK  [0m] Started Tell Plymouth To Write Out Runtime Data.
[[0;32m  OK  [0m] Started Dispatch Password Requests to Console Directory Watch.
         Starting Create Volatile Files and Directories...
[[0;32m  OK  [0m] Started Create Volatile Files and Directories.
[[0;32m  OK  [0m] Found device /dev/ttyS0.
         Starting Update UTMP about System Boot/Shutdown...
[[0;32m  OK  [0m] Started Update UTMP about System Boot/Shutdown.
[[0;32m  OK  [0m] Listening on Load/Save RF Kill Switch Status /dev/rfkill Watch.
[[0;32m  OK  [0m] [   22.325361] cloud-init[492]: Cloud-init v. 21.1-19-gbad84ad4-0ubuntu1~16.04.2 running 'init-local' at Fri, 12 May 2023 09:13:59 +0000. Up 21.43 seconds.
Started LSB: AppArmor initialization.
         Starting Load AppArmor profiles managed internally by snapd...
[[0;32m  OK  [0m] Started Initial cloud-init job (pre-networking).
[[0;32m  OK  [0m] Started Load AppArmor profiles managed internally by snapd.
[[0;32m  OK  [0m] Started Set console font and keymap.
[[0;32m  OK  [0m] Created slice system-getty.slice.
[[0;32m  OK  [0m] Reached target Network (Pre).
         Starting Raise network interfaces...
[[0;32m  OK  [0m] Started Raise network interfaces.
         Starting Initial cloud-init job (metadata service crawler)...
[[0;32m  OK  [0m] Reached target Network.
[   27.447478] cloud-init[950]: Cloud-init v. 21.1-19-gbad84ad4-0ubuntu1~16.04.2 running 'init' at Fri, 12 May 2023 09:14:03 +0000. Up 25.74 seconds.
[   27.465479] cloud-init[950]: ci-info: ++++++++++++++++++++++++++++++++++++++Net device info+++++++++++++++++++++++++++++++++++++++
[   27.495324] cloud-init[950]: ci-info: +--------+-------+----------------------------+---------------+--------+-------------------+
[   27.514258] cloud-init[950]: ci-info: | Device |   Up  |          Address           |      Mask     | Scope  |     Hw-Address    |
[   27.531399] cloud-init[950]: ci-info: +--------+-------+----------------------------+---------------+--------+-------------------+
[   27.545514] cloud-init[950]: ci-info: | enp0s3 |  True |         10.0.2.15          | 255.255.255.0 | global | 02:be:82:6b:cc:1d |
[   27.563195] cloud-init[950]: ci-info: | enp0s3 |  True | fe80::be:82ff:fe6b:cc1d/64 |       .       |  link  | 02:be:82:6b:cc:1d |
[   27.577502] cloud-init[950]: ci-info: | enp0s8 | False |             .              |       .       |   .    | 08:00:27:a5:f0:79 |
[   27.591668] cloud-init[950]: ci-info: |   lo   |  True |         127.0.0.1          |   255.0.0.0   |  host  |         .         |
[   27.603786] cloud-init[950]: ci-info: |   lo   |  True |          ::1/128           |       .       |  host  |         .         |
[   27.618757] cloud-init[950]: ci-info: +--------+-------+----------------------------+---------------+--------+-------------------+
[   27.636226] cloud-init[950]: ci-info: +++++++++++++++++++++++++++Route IPv4 info++++++++++++++++++++++++++++
[   27.649841] cloud-init[950]: ci-info: +-------+-------------+----------+---------------+-----------+-------+
[   27.664896] cloud-init[950]: ci-info: | Route | Destination | Gateway  |    Genmask    | Interface | Flags |
[   27.679129] cloud-init[950]: ci-info: +-------+-------------+----------+---------------+-----------+-------+
[   27.692943] cloud-init[950]: ci-info: |   0   |   0.0.0.0   | 10.0.2.2 |    0.0.0.0    |   enp0s3  |   UG  |
[   27.713479] cloud-init[950]: ci-info: |   1   |   10.0.2.0  | 0.0.0.0  | 255.255.255.0 |   enp0s3  |   U   |
[   27.730525] cloud-init[950]: ci-info: +-------+-------------+----------+---------------+-----------+-------+
[   27.746395] cloud-init[950]: ci-info: +++++++++++++++++++Route IPv6 info+++++++++++++++++++
[   27.756366] cloud-init[950]: ci-info: +-------+-------------+---------+-----------+-------+
[   27.767135] cloud-init[950]: ci-info: | Route | Destination | Gateway | Interface | Flags |
[   27.783067] cloud-init[950]: ci-info: +-------+-------------+---------+-----------+-------+
[[   27.796186] cloud-init[950]: ci-info: |   0   |  fe80::/64  |    ::   |   enp0s3  |   U   |
[   27.805979] cloud-init[950]: ci-info: |   3   |   ff00::/8  |    ::   |   enp0s3  |   U   |
[   27.807312] cloud-init[950]: ci-info: +-------+-------------+---------+-----------+-------+
[   27.808135] cloud-init[950]: Generating public/private rsa key pair.
[   27.809243] cloud-init[950]: Your identification has been saved in /etc/ssh/ssh_host_rsa_key.
[   27.813097] cloud-init[950]: Your public key has been saved in /etc/ssh/ssh_host_rsa_key.pub.
[   27.814087] cloud-init[950]: The key fingerprint is:
[   27.815326] cloud-init[950]: SHA256:+GVTFGAq7e2B8fY90+gSPB5y2Vlpvxy3vHTIIY8VQbw root@ubuntu-xenial
[   27.818034] cloud-init[950]: The key's randomart image is:
[   27.819591] cloud-init[950]: +---[RSA 2048]----+
[   27.822211] cloud-init[950]: |          o.o+o  |
[   27.823066] cloud-init[950]: |       . o .  .. |
[   27.823882] cloud-init[950]: |      . +   . ...|
[   27.825709] cloud-init[950]: |       + = .  E+.|
[   27.827226] cloud-init[950]: |      . S O..o+o.|
[   27.829872] cloud-init[950]: |       . =.+BBo*o|
[   27.829954] cloud-init[950]: |        . .+o+@.B|
[   27.830203] cloud-init[950]: |            o..B.|
[   27.830378] cloud-init[950]: |             ....|
[   27.831552] cloud-init[950]: +----[SHA256]-----+
[   27.833533] cloud-init[950]: Generating public/private dsa key pair.
[   27.834564] cloud-init[950]: Your identification has been saved in /etc/ssh/ssh_host_dsa_key.
[   27.835622] cloud-init[950]: Your public key has been saved in /etc/ssh/ssh_host_dsa_key.pub.
[   27.837770] cloud-init[950]: The key fingerprint is:
[   27.838439] cloud-init[950]: SHA256:ihDOK+63Q02seIMARDyZ1tTFUvJQNucZ9X7uBcj26/Q root@ubuntu-xenial
[   27.839680] cloud-init[950]: The key's randomart image is:
[   27.844062] cloud-init[950]: +---[DSA 1024]----+
[   27.846357] cloud-init[950]: |+o=..o=* o..     |
[   27.847218] cloud-init[950]: |.* . o=.+ o .    |
[   27.849326] cloud-init[950]: |o o . .. o   .   |
[   27.849997] cloud-init[950]: |.o . o     ...   |
[   27.850991] cloud-init[950]: |. * +   S   +... |
[   27.852581] cloud-init[950]: | o B o .   . .o. |
[   27.853129] cloud-init[950]: |. + o .       o..|
[   27.854124] cloud-init[950]: |.. o         ..o.|
[   27.855099] cloud-init[950]: |.o..o        .o.E|
[   27.855987] cloud-init[950]: +----[SHA256]-----+
[   27.857337] cloud-init[950]: Generating public/private ecdsa key pair.
[   27.857442] cloud-init[950]: Your identification has been saved in /etc/ssh/ssh_host_ecdsa_key.
[   27.857538] cloud-init[950]: Your public key has been saved in /etc/ssh/ssh_host_ecdsa_key.pub.
[   27.857688] cloud-init[950]: The key fingerprint is:
[   27.857862] cloud-init[950]: SHA256:o6Q+DQTkMr2rQzY3ywyhRBUdcWV/sgO3HD6HKtW/eFs root@ubuntu-xenial
[   27.857959] cloud-init[950]: The key's randomart image is:
[   27.858186] cloud-init[950]: +---[ECDSA 256]---+
[   27.859601] cloud-init[950]: | .ooooo..o       |
[   27.861856] cloud-init[950]: | +.  .. . .      |
[   27.862938] cloud-init[950]: |+ o.     . = .   |
[   27.865893] cloud-init[950]: | = ..     * B    |
[   27.866941] cloud-init[950]: |o o.  . S. X .   |
[   27.868947] cloud-init[950]: |.= +.o .... =    |
[   27.869260] cloud-init[950]: |o B +o.. .   . E |
[   27.869884] cloud-init[950]: |.. =. . .   ..o  |
[   27.870449] cloud-init[950]: |..  ..     ..o.  |
[   27.871432] cloud-init[950]: +----[SHA256]-----+
[   27.873647] cloud-init[950]: Generating public/private ed25519 key pair.
[   27.874668] cloud-init[950]: Your identification has been saved in /etc/ssh/ssh_host_ed25519_key.
[   27.874820] cloud-init[950]: Your public key has been saved in /etc/ssh/ssh_host_ed25519_key.pub.
[   27.874944] cloud-init[950]: The key fingerprint is:
[   27.875054] cloud-init[950]: SHA256:1hGIGzVpvrpzi8jcENtZBs1NM3LGbyoLbTdY0qWa6S4 root@ubuntu-xenial
[   27.875126] cloud-init[950]: The key's randomart image is:
[   27.877074] cloud-init[950]: +--[ED25519 256]--+
[   27.877428] cloud-init[950]: |       o++B      |
[   27.878379] cloud-init[950]: |      oo+B.+.    |
[   27.879877] cloud-init[950]: |      .=o.o+     |
[   27.881159] cloud-init[950]: |      ..o.+.o    |
[   27.881325] cloud-init[950]: |    .  .SO.o     |
[   27.881423] cloud-init[950]: |     +.=X +      |
[   27.883018] cloud-init[950]: |    o o= + .     |
[   27.886250] cloud-init[950]: |   o +E.+        |
[   27.887262] cloud-init[950]: |    + +*o.       |
[   27.889765] cloud-init[950]: +----[SHA256]-----+
[0;32m  OK  [0m] Started Initial cloud-init job (metadata service crawler).
[[0;32m  OK  [0m] Reached target Cloud-config availability.
[[0;32m  OK  [0m] Reached target Network is Online.
         Starting iSCSI initiator daemon (iscsid)...
[[0;32m  OK  [0m] Reached target System Initialization.
[[0;32m  OK  [0m] Started ACPI Events Check.
[[0;32m  OK  [0m] Reached target Paths.
[[0;32m  OK  [0m] Started Daily Cleanup of Temporary Directories.
[[0;32m  OK  [0m] Started Ubuntu Advantage update messaging.
[[0;32m  OK  [0m] Started Message of the Day.
[[0;32m  OK  [0m] Listening on D-Bus System Message Bus Socket.
[[0;32m  OK  [0m] Started Daily apt download activities.
         Starting Socket activation for snappy daemon.
         Starting LXD - unix socket.
[[0;32m  OK  [0m] Listening on ACPID Listen Socket.
[[0;32m  OK  [0m] Started Daily apt upgrade and clean activities.
[[0;32m  OK  [0m] Reached target Timers.
[[0;32m  OK  [0m] Listening on UUID daemon activation socket.
[[0;32m  OK  [0m] Listening on Socket activation for snappy daemon.
[[0;32m  OK  [0m] Listening on LXD - unix socket.
[[0;32m  OK  [0m] Reached target Sockets.
[[0;32m  OK  [0m] Reached target Basic System.
[[0;32m  OK  [0m] Started Regular background program processing daemon.
         Starting /etc/rc.local Compatibility...
         Starting LXD - container startup/shutdown...
         Starting Virtualbox guest utils...
         Starting Pollinate to seed the pseudo random number generator...
         Starting LSB: Record successful boot for GRUB...
[[0;32m  OK  [0m] Started FUSE filesystem for LXC.
         Starting Login Service...
[[0;32m  OK  [0m] Started D-Bus System Message Bus.
         Starting LSB: MD monitoring daemon...
[[0;32m  OK  [0m] Started Deferred execution scheduler.
[[0;32m  OK  [0m] Started ACPI event daemon.
         Starting Accounts Service...
         Starting System Logging Service...
         Starting Snap Daemon...
[[0;32m  OK  [0m] Started iSCSI initiator daemon (iscsid).
[[0;32m  OK  [0m] Started /etc/rc.local Compatibility.
[[0;32m  OK  [0m] Started LXD - container startup/shutdown.
[[0;32m  OK  [0m] Started System Logging Service.
         Starting Login to default iSCSI targets...
[[0;32m  OK  [0m] Started Login Service.
[[0;32m  OK  [0m] Started Unattended Upgrades Shutdown.
[[0;32m  OK  [0m] Started LSB: MD monitoring daemon.
[[0;32m  OK  [0m] Started LSB: Record successful boot for GRUB.
         Starting Authenticate and Authorize Users to Run Privileged Tasks...
[[0;32m  OK  [0m] Started Login to default iSCSI targets.
[[0;32m  OK  [0m] Reached target Remote File Systems (Pre).
[[0;32m  OK  [0m] Reached target Remote File Systems.
         Starting LSB: automatic crash report generation...
         Starting LSB: daemon to balance interrupts for SMP systems...
         Starting Permit User Sessions...
         Starting LSB: Set the CPU Frequency Scaling governor to "ondemand"...
[[0;32m  OK  [0m] Started Permit User Sessions.
[[0;32m  OK  [0m] Started Authenticate and Authorize Users to Run Privileged Tasks.
[[0;32m  OK  [0m] Started Accounts Service.
         Starting Hold until boot process finishes up...
         Starting Terminate Plymouth Boot Screen...
[[0;32m  OK  [0m] Started Hold until boot process finishes up.
[[0;32m  OK  [0m] Started Terminate Plymouth Boot Screen.
[[0;32m  OK  [0m] Started Getty on tty1.
[[0;32m  OK  [0m] Started Serial Getty on ttyS0.
[[0;32m  OK  [0m] Reached target Login Prompts.
         Starting Set console scheme...
[[0;32m  OK  [0m] Started Pollinate to seed the pseudo random number generator.
[[0;32m  OK  [0m] Started LSB: Set the CPU Frequency Scaling governor to "ondemand".
         Starting OpenBSD Secure Shell server...
[[0;32m  OK  [0m] Started LSB: automatic crash report generation.
[[0;32m  OK  [0m] Started LSB: daemon to balance interrupts for SMP systems.
[[0;32m  OK  [0m] Started Set console scheme.
[[0;32m  OK  [0m] Started Virtualbox guest utils.
[[0;32m  OK  [0m] Started OpenBSD Secure Shell server.
[[0;32m  OK  [0m] Created slice User Slice of vagrant.
         Starting User Manager for UID 1000...
[[0;32m  OK  [0m] Started Session 1 of user vagrant.
[[0;32m  OK  [0m] Started Snap Daemon.
[[0;32m  OK  [0m] Started User Manager for UID 1000.
         Starting Wait until snapd is fully seeded...
[[0;32m  OK  [0m] Started Wait until snapd is fully seeded.
         Starting Apply the settings specified in cloud-config...
[[0;32m  OK  [0m] Reached target Multi-User System.
[[0;32m  OK  [0m] Reached target Graphical Interface.
         Starting Update UTMP about System Runlevel Changes...
[[0;32m  OK  [0m] Started Update UTMP about System Runlevel Changes.
[   36.242029] cloud-init[1402]: Generating locales (this might take a while)...

Ubuntu 16.04.7 LTS ubuntu-xenial ttyS0

ubuntu-xenial login: [   38.841799] cloud-init[1402]:   en_US.UTF-8... done
[   38.844151] cloud-init[1402]: Generation complete.
[   39.778674] cloud-init[1402]: Cloud-init v. 21.1-19-gbad84ad4-0ubuntu1~16.04.2 running 'modules:config' at Fri, 12 May 2023 09:14:13 +0000. Up 35.64 seconds.
ci-info: no authorized SSH keys fingerprints found for user ubuntu.
<14>May 12 09:14:19 ec2: 
<14>May 12 09:14:19 ec2: #############################################################
<14>May 12 09:14:19 ec2: -----BEGIN SSH HOST KEY FINGERPRINTS-----
<14>May 12 09:14:19 ec2: 1024 SHA256:ihDOK+63Q02seIMARDyZ1tTFUvJQNucZ9X7uBcj26/Q root@ubuntu-xenial (DSA)
<14>May 12 09:14:19 ec2: 256 SHA256:o6Q+DQTkMr2rQzY3ywyhRBUdcWV/sgO3HD6HKtW/eFs root@ubuntu-xenial (ECDSA)
<14>May 12 09:14:19 ec2: 256 SHA256:1hGIGzVpvrpzi8jcENtZBs1NM3LGbyoLbTdY0qWa6S4 root@ubuntu-xenial (ED25519)
<14>May 12 09:14:19 ec2: 2048 SHA256:+GVTFGAq7e2B8fY90+gSPB5y2Vlpvxy3vHTIIY8VQbw root@ubuntu-xenial (RSA)
<14>May 12 09:14:19 ec2: -----END SSH HOST KEY FINGERPRINTS-----
<14>May 12 09:14:19 ec2: #############################################################
-----BEGIN SSH HOST KEY KEYS-----
ecdsa-sha2-nistp256 AAAAE2VjZHNhLXNoYTItbmlzdHAyNTYAAAAIbmlzdHAyNTYAAABBBJ8vI4fYmkT6CptQdT4N0GyzSZfOmCHPssW10NJNO/79x03sVsVG+bm+SNzXVc+MawwxcFq4/4XQNZKw2vYBidA= root@ubuntu-xenial
ssh-ed25519 AAAAC3NzaC1lZDI1NTE5AAAAIPVj2Msgz5R5H4CRAHsapyV8OgUpgspxcGgZAul4WDZC root@ubuntu-xenial
ssh-rsa AAAAB3NzaC1yc2EAAAADAQABAAABAQDBYmdSRDzV/NWfFlAoZBnWALpO51s9BSnJkuF4+fIj67oGe3kDDQVQXQKMIsbKr0pKl67E/0y5dCApelddcNLyg0TJd5nCVYDl5gZ/jSIA5DDA5kmdPpOQfrDberkPhUUwvBGahxD1xnPg6t+6/g6a3UxOKreMk5hFclCETNKlvBmZjFTU1LMyCgs7Gf/BbzpW/Jg0xKi2YUKh++rc1rxxgj+hHQ+BtCTd/+T2dWKwrnX5Wn7vGtbGkSiTTbVRhxuXG1GYCu6+3TDjEN6LpCfRHrxnOqpj488clhbkG94rgQOew4dg5vQLzJVe+0TO8zyO42sH3dndD6Bp40wBTU+z root@ubuntu-xenial
-----END SSH HOST KEY KEYS-----
[   41.404815] cloud-init[1599]: Cloud-init v. 21.1-19-gbad84ad4-0ubuntu1~16.04.2 running 'modules:final' at Fri, 12 May 2023 09:14:19 +0000. Up 40.89 seconds.
[   41.405369] cloud-init[1599]: ci-info: no authorized SSH keys fingerprints found for user ubuntu.
[   41.406165] cloud-init[1599]: Cloud-init v. 21.1-19-gbad84ad4-0ubuntu1~16.04.2 finished at Fri, 12 May 2023 09:14:19 +0000. Datasource DataSourceNoCloud [seed=/dev/sdb][dsmode=net].  Up 41.30 seconds
